<?xml version="1.0" encoding="UTF-8"?>
<!-- Generated by org.testng.reporters.JUnitReportReporter -->
<testsuite hostname="Kanis-MacBook-Pro-2.local" failures="0" tests="3" name="techniqum.Selenium.tests.ErrorValidations" time="51.078" errors="0" timestamp="2024-07-11T14:15:05 PDT" skipped="0">
  <testcase classname="techniqum.Selenium.tests.ErrorValidations" name="productErrorValidation" time="12.274"/>
  <system-out/>
  <testcase classname="techniqum.Selenium.tests.ErrorValidations" name="loginErrorValidation" time="7.024"/>
  <system-out/>
  <testcase classname="techniqum.Selenium.tests.ErrorValidations" name="checkOutErrorValidation" time="31.780"/>
  <system-out/>
</testsuite> <!-- techniqum.Selenium.tests.ErrorValidations -->
