<?xml version="1.0" encoding="UTF-8"?>
<!-- Generated by org.testng.reporters.JUnitReportReporter -->
<testsuite hostname="Kanis-MBP-2.attlocal.net" failures="0" tests="4" name="techniqum.Selenium.tests.StandAloneTest2" time="46.292" errors="0" timestamp="2024-07-22T21:56:38 PDT" skipped="0">
  <testcase classname="techniqum.Selenium.tests.StandAloneTest2" name="orderHistoryTest" time="10.161"/>
  <testcase classname="techniqum.Selenium.tests.StandAloneTest2" name="submitOrder" time="13.672"/>
  <testcase classname="techniqum.Selenium.tests.StandAloneTest2" name="orderHistoryTest" time="8.702"/>
  <testcase classname="techniqum.Selenium.tests.StandAloneTest2" name="submitOrder" time="13.757"/>
</testsuite> <!-- techniqum.Selenium.tests.StandAloneTest2 -->
