<?xml version="1.0" encoding="UTF-8"?>
<!-- Generated by org.testng.reporters.JUnitReportReporter -->
<testsuite hostname="Kanis-MBP-2.attlocal.net" failures="0" tests="3" name="techniqum.Selenium.tests.ErrorValidationsTest" time="67.113" errors="0" timestamp="2024-07-22T21:56:38 PDT" skipped="0">
  <testcase classname="techniqum.Selenium.tests.ErrorValidationsTest" name="checkOutErrorValidation" time="18.500"/>
  <testcase classname="techniqum.Selenium.tests.ErrorValidationsTest" name="productErrorValidation" time="40.661"/>
  <testcase classname="techniqum.Selenium.tests.ErrorValidationsTest" name="loginErrorValidation" time="7.952"/>
</testsuite> <!-- techniqum.Selenium.tests.ErrorValidationsTest -->
